\BOOKMARK [-1][]{thuchapter.1.-1}{\376\377\227\142\124\021\220\032\165\050\127\072\146\157\166\204\127\372\116\216\211\306\211\311\000-\213\355\212\000\000-\122\250\117\134\152\041\127\213\166\204\121\167\216\253\171\373\122\250\144\315\117\134\145\271\154\325\170\024\172\166}{}% 1
\BOOKMARK [0][]{section*.2}{\376\377\166\356\137\125}{thuchapter.1.-1}% 2
\BOOKMARK [0][]{chapter.1}{\376\377\173\054\0001\172\340\000\040\213\376\230\230\200\314\146\157\116\016\141\017\116\111}{thuchapter.1.-1}% 3
\BOOKMARK [1][-]{section.1.1}{\376\377\0001\000.\0001\000\040\170\024\172\166\200\314\146\157}{chapter.1}% 4
\BOOKMARK [1][-]{section.1.2}{\376\377\0001\000.\0002\000\040\170\024\172\166\141\017\116\111}{chapter.1}% 5
\BOOKMARK [0][]{chapter.2}{\376\377\173\054\0002\172\340\000\040\126\375\121\205\131\026\170\024\172\166\163\260\162\266\123\312\122\006\147\220}{thuchapter.1.-1}% 6
\BOOKMARK [1][-]{section.2.1}{\376\377\0002\000.\0001\000\040\121\167\216\253\133\374\202\052\116\016\220\032\165\050\133\244\121\205\127\072\146\157\164\006\211\343\145\271\154\325}{chapter.2}% 7
\BOOKMARK [1][-]{section.2.2}{\376\377\0002\000.\0002\000\040\127\372\116\216\133\146\116\140\166\204\121\167\216\253\144\315\117\134\116\016\171\373\122\250\144\315\117\134\143\247\122\066\145\271\154\325}{chapter.2}% 8
\BOOKMARK [1][-]{section.2.3}{\376\377\0002\000.\0003\000\040\131\047\152\041\127\213\232\161\122\250\166\204\121\167\216\253\171\373\122\250\144\315\117\134\173\126\165\145}{chapter.2}% 9
\BOOKMARK [1][-]{section.2.4}{\376\377\0002\000.\0004\000\040\137\000\145\076\127\072\146\157\127\372\121\306\116\016\171\373\122\250\144\315\117\134\174\373\176\337\226\306\142\020\150\106\147\266}{chapter.2}% 10
\BOOKMARK [1][-]{section.2.5}{\376\377\0002\000.\0005\000\040\147\054\172\340\134\017\176\323}{chapter.2}% 11
\BOOKMARK [0][]{chapter.3}{\376\377\173\054\0003\172\340\000\040\213\376\230\230\116\073\211\201\170\024\172\166\121\205\133\271}{thuchapter.1.-1}% 12
\BOOKMARK [1][-]{section.3.1}{\376\377\0003\000.\0001\000\040\142\337\211\343\121\263\166\204\121\163\225\056\225\356\230\230}{chapter.3}% 13
\BOOKMARK [1][-]{section.3.2}{\376\377\0003\000.\0002\000\040\142\337\170\024\172\166\121\205\133\271}{chapter.3}% 14
\BOOKMARK [0][]{chapter.4}{\376\377\173\054\0004\172\340\000\040\137\025\165\050\145\207\163\056\166\204\150\007\154\350}{thuchapter.1.-1}% 15
\BOOKMARK [1][-]{section.4.1}{\376\377\0004\000.\0001\000\040\230\172\136\217\177\026\170\001\122\066}{chapter.4}% 16
\BOOKMARK [1][-]{section.4.2}{\376\377\0004\000.\0002\000\040\204\127\200\005\000-\121\372\162\110\136\164\122\066}{chapter.4}% 17
\BOOKMARK [0][]{chapter.5}{\376\377\173\054\0005\172\340\000\040\230\204\147\037\122\033\145\260\160\271\116\016\170\024\172\166\142\020\147\234}{thuchapter.1.-1}% 18
\BOOKMARK [1][-]{section.5.1}{\376\377\0005\000.\0001\000\040\230\204\147\037\122\033\145\260\160\271}{chapter.5}% 19
\BOOKMARK [1][-]{section.5.2}{\376\377\0005\000.\0002\000\040\230\204\147\037\142\020\147\234}{chapter.5}% 20
\BOOKMARK [0][]{chapter.6}{\376\377\173\054\0006\172\340\000\040\170\024\172\166\213\241\122\022\116\016\217\333\134\125}{thuchapter.1.-1}% 21
\BOOKMARK [1][-]{section.6.1}{\376\377\0006\000.\0001\000\040\135\362\133\214\142\020\135\345\117\134\151\202\142\354}{chapter.6}% 22
\BOOKMARK [1][-]{section.6.2}{\376\377\0006\000.\0002\000\040\127\050\133\146\147\037\225\364\123\321\210\150\166\204\133\146\147\057\213\272\145\207\116\016\170\024\172\166\142\020\147\234}{chapter.6}% 23
\BOOKMARK [1][-]{section.6.3}{\376\377\0006\000.\0003\000\040\170\024\172\166\213\241\122\022}{chapter.6}% 24
\BOOKMARK [0][]{section*.6}{\376\377\123\302\200\003\145\207\163\056}{thuchapter.1.-1}% 25
